{"C:\\Users\\daniel\\Documents\\GitHub\\SaludYa\\server\\db.js": {"path":"C:\\Users\\daniel\\Documents\\GitHub\\SaludYa\\server\\db.js","statementMap":{"0":{"start":{"line":1,"column":0},"end":{"line":1,"column":27}},"1":{"start":{"line":3,"column":14},"end":{"line":3,"column":31}},"2":{"start":{"line":5,"column":19},"end":{"line":10,"column":2}},"3":{"start":{"line":12,"column":0},"end":{"line":19,"column":3}},"4":{"start":{"line":13,"column":2},"end":{"line":16,"column":3}},"5":{"start":{"line":14,"column":4},"end":{"line":14,"column":48}},"6":{"start":{"line":15,"column":4},"end":{"line":15,"column":11}},"7":{"start":{"line":18,"column":2},"end":{"line":18,"column":40}},"8":{"start":{"line":21,"column":0},"end":{"line":21,"column":28}}},"fnMap":{"0":{"name":"(anonymous_0)","decl":{"start":{"line":12,"column":19},"end":{"line":12,"column":20}},"loc":{"start":{"line":12,"column":28},"end":{"line":19,"column":1}},"line":12}},"branchMap":{"0":{"loc":{"start":{"line":6,"column":8},"end":{"line":6,"column":42}},"type":"binary-expr","locations":[{"start":{"line":6,"column":8},"end":{"line":6,"column":27}},{"start":{"line":6,"column":31},"end":{"line":6,"column":42}}],"line":6},"1":{"loc":{"start":{"line":7,"column":8},"end":{"line":7,"column":37}},"type":"binary-expr","locations":[{"start":{"line":7,"column":8},"end":{"line":7,"column":27}},{"start":{"line":7,"column":31},"end":{"line":7,"column":37}}],"line":7},"2":{"loc":{"start":{"line":8,"column":12},"end":{"line":8,"column":41}},"type":"binary-expr","locations":[{"start":{"line":8,"column":12},"end":{"line":8,"column":35}},{"start":{"line":8,"column":39},"end":{"line":8,"column":41}}],"line":8},"3":{"loc":{"start":{"line":9,"column":12},"end":{"line":9,"column":49}},"type":"binary-expr","locations":[{"start":{"line":9,"column":12},"end":{"line":9,"column":31}},{"start":{"line":9,"column":35},"end":{"line":9,"column":49}}],"line":9},"4":{"loc":{"start":{"line":13,"column":2},"end":{"line":16,"column":3}},"type":"if","locations":[{"start":{"line":13,"column":2},"end":{"line":16,"column":3}},{"start":{},"end":{}}],"line":13}},"s":{"0":1,"1":1,"2":1,"3":1,"4":1,"5":0,"6":0,"7":1,"8":1},"f":{"0":1},"b":{"0":[1,0],"1":[1,0],"2":[1,0],"3":[1,0],"4":[0,1]},"_coverageSchema":"1a1c01bbd47fc00a2c39e90264f33305004495a9","hash":"802fd1f18ff87e615bd5961eb87aea0fa5fbc060"}
,"C:\\Users\\daniel\\Documents\\GitHub\\SaludYa\\server\\index.js": {"path":"C:\\Users\\daniel\\Documents\\GitHub\\SaludYa\\server\\index.js","statementMap":{"0":{"start":{"line":3,"column":16},"end":{"line":3,"column":34}},"1":{"start":{"line":4,"column":13},"end":{"line":4,"column":28}},"2":{"start":{"line":5,"column":11},"end":{"line":5,"column":26}},"3":{"start":{"line":7,"column":12},"end":{"line":7,"column":21}},"4":{"start":{"line":10,"column":0},"end":{"line":10,"column":16}},"5":{"start":{"line":11,"column":0},"end":{"line":11,"column":24}},"6":{"start":{"line":13,"column":0},"end":{"line":18,"column":3}},"7":{"start":{"line":14,"column":2},"end":{"line":17,"column":5}},"8":{"start":{"line":24,"column":0},"end":{"line":36,"column":3}},"9":{"start":{"line":25,"column":14},"end":{"line":25,"column":39}},"10":{"start":{"line":27,"column":2},"end":{"line":35,"column":5}},"11":{"start":{"line":28,"column":4},"end":{"line":32,"column":5}},"12":{"start":{"line":29,"column":6},"end":{"line":31,"column":9}},"13":{"start":{"line":34,"column":4},"end":{"line":34,"column":22}},"14":{"start":{"line":42,"column":0},"end":{"line":62,"column":3}},"15":{"start":{"line":43,"column":17},"end":{"line":43,"column":27}},"16":{"start":{"line":45,"column":14},"end":{"line":45,"column":52}},"17":{"start":{"line":47,"column":2},"end":{"line":61,"column":5}},"18":{"start":{"line":48,"column":4},"end":{"line":52,"column":5}},"19":{"start":{"line":49,"column":6},"end":{"line":51,"column":9}},"20":{"start":{"line":54,"column":4},"end":{"line":58,"column":5}},"21":{"start":{"line":55,"column":6},"end":{"line":57,"column":9}},"22":{"start":{"line":60,"column":4},"end":{"line":60,"column":25}},"23":{"start":{"line":71,"column":0},"end":{"line":122,"column":3}},"24":{"start":{"line":73,"column":4},"end":{"line":73,"column":12}},"25":{"start":{"line":75,"column":2},"end":{"line":84,"column":3}},"26":{"start":{"line":81,"column":4},"end":{"line":83,"column":7}},"27":{"start":{"line":86,"column":14},"end":{"line":90,"column":3}},"28":{"start":{"line":92,"column":2},"end":{"line":121,"column":4}},"29":{"start":{"line":104,"column":6},"end":{"line":108,"column":7}},"30":{"start":{"line":105,"column":8},"end":{"line":107,"column":11}},"31":{"start":{"line":110,"column":6},"end":{"line":119,"column":9}},"32":{"start":{"line":128,"column":0},"end":{"line":162,"column":3}},"33":{"start":{"line":129,"column":17},"end":{"line":129,"column":27}},"34":{"start":{"line":132,"column":4},"end":{"line":132,"column":12}},"35":{"start":{"line":134,"column":14},"end":{"line":145,"column":3}},"36":{"start":{"line":147,"column":2},"end":{"line":161,"column":4}},"37":{"start":{"line":151,"column":6},"end":{"line":155,"column":7}},"38":{"start":{"line":152,"column":8},"end":{"line":154,"column":11}},"39":{"start":{"line":157,"column":6},"end":{"line":159,"column":9}},"40":{"start":{"line":168,"column":0},"end":{"line":184,"column":3}},"41":{"start":{"line":169,"column":17},"end":{"line":169,"column":27}},"42":{"start":{"line":171,"column":14},"end":{"line":171,"column":50}},"43":{"start":{"line":173,"column":2},"end":{"line":183,"column":5}},"44":{"start":{"line":174,"column":4},"end":{"line":178,"column":5}},"45":{"start":{"line":175,"column":6},"end":{"line":177,"column":9}},"46":{"start":{"line":180,"column":4},"end":{"line":182,"column":7}},"47":{"start":{"line":190,"column":13},"end":{"line":190,"column":37}},"48":{"start":{"line":192,"column":0},"end":{"line":196,"column":1}},"49":{"start":{"line":193,"column":2},"end":{"line":195,"column":5}},"50":{"start":{"line":194,"column":4},"end":{"line":194,"column":64}},"51":{"start":{"line":198,"column":0},"end":{"line":198,"column":21}}},"fnMap":{"0":{"name":"(anonymous_0)","decl":{"start":{"line":13,"column":13},"end":{"line":13,"column":14}},"loc":{"start":{"line":13,"column":27},"end":{"line":18,"column":1}},"line":13},"1":{"name":"(anonymous_1)","decl":{"start":{"line":24,"column":22},"end":{"line":24,"column":23}},"loc":{"start":{"line":24,"column":36},"end":{"line":36,"column":1}},"line":24},"2":{"name":"(anonymous_2)","decl":{"start":{"line":27,"column":16},"end":{"line":27,"column":17}},"loc":{"start":{"line":27,"column":34},"end":{"line":35,"column":3}},"line":27},"3":{"name":"(anonymous_3)","decl":{"start":{"line":42,"column":26},"end":{"line":42,"column":27}},"loc":{"start":{"line":42,"column":40},"end":{"line":62,"column":1}},"line":42},"4":{"name":"(anonymous_4)","decl":{"start":{"line":47,"column":22},"end":{"line":47,"column":23}},"loc":{"start":{"line":47,"column":40},"end":{"line":61,"column":3}},"line":47},"5":{"name":"(anonymous_5)","decl":{"start":{"line":71,"column":23},"end":{"line":71,"column":24}},"loc":{"start":{"line":71,"column":37},"end":{"line":122,"column":1}},"line":71},"6":{"name":"(anonymous_6)","decl":{"start":{"line":103,"column":4},"end":{"line":103,"column":5}},"loc":{"start":{"line":103,"column":21},"end":{"line":120,"column":5}},"line":103},"7":{"name":"(anonymous_7)","decl":{"start":{"line":128,"column":26},"end":{"line":128,"column":27}},"loc":{"start":{"line":128,"column":40},"end":{"line":162,"column":1}},"line":128},"8":{"name":"(anonymous_8)","decl":{"start":{"line":150,"column":4},"end":{"line":150,"column":5}},"loc":{"start":{"line":150,"column":13},"end":{"line":160,"column":5}},"line":150},"9":{"name":"(anonymous_9)","decl":{"start":{"line":168,"column":29},"end":{"line":168,"column":30}},"loc":{"start":{"line":168,"column":43},"end":{"line":184,"column":1}},"line":168},"10":{"name":"(anonymous_10)","decl":{"start":{"line":173,"column":22},"end":{"line":173,"column":23}},"loc":{"start":{"line":173,"column":31},"end":{"line":183,"column":3}},"line":173},"11":{"name":"(anonymous_11)","decl":{"start":{"line":193,"column":19},"end":{"line":193,"column":20}},"loc":{"start":{"line":193,"column":25},"end":{"line":195,"column":3}},"line":193}},"branchMap":{"0":{"loc":{"start":{"line":28,"column":4},"end":{"line":32,"column":5}},"type":"if","locations":[{"start":{"line":28,"column":4},"end":{"line":32,"column":5}},{"start":{},"end":{}}],"line":28},"1":{"loc":{"start":{"line":48,"column":4},"end":{"line":52,"column":5}},"type":"if","locations":[{"start":{"line":48,"column":4},"end":{"line":52,"column":5}},{"start":{},"end":{}}],"line":48},"2":{"loc":{"start":{"line":54,"column":4},"end":{"line":58,"column":5}},"type":"if","locations":[{"start":{"line":54,"column":4},"end":{"line":58,"column":5}},{"start":{},"end":{}}],"line":54},"3":{"loc":{"start":{"line":75,"column":2},"end":{"line":84,"column":3}},"type":"if","locations":[{"start":{"line":75,"column":2},"end":{"line":84,"column":3}},{"start":{},"end":{}}],"line":75},"4":{"loc":{"start":{"line":76,"column":4},"end":{"line":79,"column":27}},"type":"binary-expr","locations":[{"start":{"line":76,"column":4},"end":{"line":76,"column":19}},{"start":{"line":77,"column":4},"end":{"line":77,"column":19}},{"start":{"line":78,"column":4},"end":{"line":78,"column":21}},{"start":{"line":79,"column":4},"end":{"line":79,"column":27}}],"line":76},"5":{"loc":{"start":{"line":99,"column":6},"end":{"line":99,"column":32}},"type":"binary-expr","locations":[{"start":{"line":99,"column":6},"end":{"line":99,"column":26}},{"start":{"line":99,"column":30},"end":{"line":99,"column":32}}],"line":99},"6":{"loc":{"start":{"line":100,"column":6},"end":{"line":100,"column":23}},"type":"binary-expr","locations":[{"start":{"line":100,"column":6},"end":{"line":100,"column":17}},{"start":{"line":100,"column":21},"end":{"line":100,"column":23}}],"line":100},"7":{"loc":{"start":{"line":101,"column":6},"end":{"line":101,"column":15}},"type":"binary-expr","locations":[{"start":{"line":101,"column":6},"end":{"line":101,"column":10}},{"start":{"line":101,"column":14},"end":{"line":101,"column":15}}],"line":101},"8":{"loc":{"start":{"line":104,"column":6},"end":{"line":108,"column":7}},"type":"if","locations":[{"start":{"line":104,"column":6},"end":{"line":108,"column":7}},{"start":{},"end":{}}],"line":104},"9":{"loc":{"start":{"line":151,"column":6},"end":{"line":155,"column":7}},"type":"if","locations":[{"start":{"line":151,"column":6},"end":{"line":155,"column":7}},{"start":{},"end":{}}],"line":151},"10":{"loc":{"start":{"line":174,"column":4},"end":{"line":178,"column":5}},"type":"if","locations":[{"start":{"line":174,"column":4},"end":{"line":178,"column":5}},{"start":{},"end":{}}],"line":174},"11":{"loc":{"start":{"line":190,"column":13},"end":{"line":190,"column":37}},"type":"binary-expr","locations":[{"start":{"line":190,"column":13},"end":{"line":190,"column":29}},{"start":{"line":190,"column":33},"end":{"line":190,"column":37}}],"line":190},"12":{"loc":{"start":{"line":192,"column":0},"end":{"line":196,"column":1}},"type":"if","locations":[{"start":{"line":192,"column":0},"end":{"line":196,"column":1}},{"start":{},"end":{}}],"line":192}},"s":{"0":2,"1":2,"2":2,"3":2,"4":2,"5":2,"6":2,"7":0,"8":2,"9":3,"10":3,"11":3,"12":1,"13":2,"14":2,"15":3,"16":3,"17":3,"18":3,"19":0,"20":3,"21":2,"22":1,"23":2,"24":3,"25":3,"26":1,"27":2,"28":2,"29":2,"30":1,"31":1,"32":2,"33":2,"34":2,"35":2,"36":2,"37":2,"38":1,"39":1,"40":2,"41":2,"42":2,"43":2,"44":2,"45":1,"46":1,"47":2,"48":2,"49":0,"50":0,"51":2},"f":{"0":0,"1":3,"2":3,"3":3,"4":3,"5":3,"6":2,"7":2,"8":2,"9":2,"10":2,"11":0},"b":{"0":[1,2],"1":[0,3],"2":[2,1],"3":[1,2],"4":[3,2,2,2],"5":[2,2],"6":[2,2],"7":[2,2],"8":[1,1],"9":[1,1],"10":[1,1],"11":[2,2],"12":[0,2]},"_coverageSchema":"1a1c01bbd47fc00a2c39e90264f33305004495a9","hash":"cd7ec25110417d3c59ac8d0652be4055678c31b8"}
}
