TN:
SF:db.js
FN:14,(anonymous_0)
FNF:1
FNH:0
FNDA:0,(anonymous_0)
DA:1,1
DA:3,1
DA:5,1
DA:13,1
DA:14,0
DA:15,0
DA:16,0
DA:17,0
DA:20,0
DA:24,1
LF:10
LH:5
BRDA:6,0,0,1
BRDA:6,0,1,0
BRDA:7,1,0,1
BRDA:7,1,1,0
BRDA:8,2,0,1
BRDA:8,2,1,0
BRDA:9,3,0,1
BRDA:9,3,1,0
BRDA:13,4,0,0
BRDA:13,4,1,1
BRDA:15,5,0,0
BRDA:15,5,1,0
BRF:12
BRH:5
end_of_record
TN:
SF:index.js
FN:16,(anonymous_0)
FN:19,(anonymous_1)
FN:34,(anonymous_2)
FN:39,(anonymous_3)
FN:60,(anonymous_4)
FN:92,(anonymous_5)
FN:117,(anonymous_6)
FN:139,(anonymous_7)
FN:157,(anonymous_8)
FN:162,(anonymous_9)
FN:180,(anonymous_10)
FNF:11
FNH:10
FNDA:3,(anonymous_0)
FNDA:3,(anonymous_1)
FNDA:3,(anonymous_2)
FNDA:3,(anonymous_3)
FNDA:3,(anonymous_4)
FNDA:2,(anonymous_5)
FNDA:2,(anonymous_6)
FNDA:2,(anonymous_7)
FNDA:2,(anonymous_8)
FNDA:2,(anonymous_9)
FNDA:0,(anonymous_10)
DA:3,2
DA:4,2
DA:5,2
DA:7,2
DA:9,2
DA:10,2
DA:16,2
DA:17,3
DA:19,3
DA:20,3
DA:21,1
DA:26,2
DA:34,2
DA:35,3
DA:37,3
DA:39,3
DA:40,3
DA:41,0
DA:46,3
DA:47,2
DA:52,1
DA:60,2
DA:62,3
DA:64,3
DA:70,1
DA:75,2
DA:81,2
DA:93,2
DA:94,1
DA:99,1
DA:117,2
DA:118,2
DA:121,2
DA:123,2
DA:136,2
DA:140,2
DA:141,1
DA:146,1
DA:157,2
DA:158,2
DA:160,2
DA:162,2
DA:163,2
DA:164,1
DA:169,1
DA:179,2
DA:180,0
DA:181,0
DA:185,2
LF:49
LH:46
BRDA:20,0,0,1
BRDA:20,0,1,2
BRDA:40,1,0,0
BRDA:40,1,1,3
BRDA:46,2,0,2
BRDA:46,2,1,1
BRDA:64,3,0,1
BRDA:64,3,1,2
BRDA:65,4,0,3
BRDA:65,4,1,2
BRDA:65,4,2,2
BRDA:65,4,3,2
BRDA:88,5,0,2
BRDA:88,5,1,2
BRDA:89,6,0,2
BRDA:89,6,1,2
BRDA:90,7,0,2
BRDA:90,7,1,2
BRDA:93,8,0,1
BRDA:93,8,1,1
BRDA:140,9,0,1
BRDA:140,9,1,1
BRDA:163,10,0,1
BRDA:163,10,1,1
BRDA:179,11,0,0
BRDA:179,11,1,2
BRF:26
BRH:24
end_of_record
