TN:
SF:db.js
FN:12,(anonymous_0)
FNF:1
FNH:1
FNDA:1,(anonymous_0)
DA:1,1
DA:3,1
DA:5,1
DA:12,1
DA:13,1
DA:14,0
DA:15,0
DA:18,1
DA:21,1
LF:9
LH:7
BRDA:6,0,0,1
BRDA:6,0,1,0
BRDA:7,1,0,1
BRDA:7,1,1,0
BRDA:8,2,0,1
BRDA:8,2,1,0
BRDA:9,3,0,1
BRDA:9,3,1,0
BRDA:13,4,0,0
BRDA:13,4,1,1
BRF:10
BRH:5
end_of_record
TN:
SF:index.js
FN:13,(anonymous_0)
FN:24,(anonymous_1)
FN:27,(anonymous_2)
FN:42,(anonymous_3)
FN:47,(anonymous_4)
FN:71,(anonymous_5)
FN:103,(anonymous_6)
FN:128,(anonymous_7)
FN:150,(anonymous_8)
FN:168,(anonymous_9)
FN:173,(anonymous_10)
FN:193,(anonymous_11)
FNF:12
FNH:10
FNDA:0,(anonymous_0)
FNDA:3,(anonymous_1)
FNDA:3,(anonymous_2)
FNDA:3,(anonymous_3)
FNDA:3,(anonymous_4)
FNDA:3,(anonymous_5)
FNDA:2,(anonymous_6)
FNDA:2,(anonymous_7)
FNDA:2,(anonymous_8)
FNDA:2,(anonymous_9)
FNDA:2,(anonymous_10)
FNDA:0,(anonymous_11)
DA:3,2
DA:4,2
DA:5,2
DA:7,2
DA:10,2
DA:11,2
DA:13,2
DA:14,0
DA:24,2
DA:25,3
DA:27,3
DA:28,3
DA:29,1
DA:34,2
DA:42,2
DA:43,3
DA:45,3
DA:47,3
DA:48,3
DA:49,0
DA:54,3
DA:55,2
DA:60,1
DA:71,2
DA:73,3
DA:75,3
DA:81,1
DA:86,2
DA:92,2
DA:104,2
DA:105,1
DA:110,1
DA:128,2
DA:129,2
DA:132,2
DA:134,2
DA:147,2
DA:151,2
DA:152,1
DA:157,1
DA:168,2
DA:169,2
DA:171,2
DA:173,2
DA:174,2
DA:175,1
DA:180,1
DA:190,2
DA:192,2
DA:193,0
DA:194,0
DA:198,2
LF:52
LH:48
BRDA:28,0,0,1
BRDA:28,0,1,2
BRDA:48,1,0,0
BRDA:48,1,1,3
BRDA:54,2,0,2
BRDA:54,2,1,1
BRDA:75,3,0,1
BRDA:75,3,1,2
BRDA:76,4,0,3
BRDA:76,4,1,2
BRDA:76,4,2,2
BRDA:76,4,3,2
BRDA:99,5,0,2
BRDA:99,5,1,2
BRDA:100,6,0,2
BRDA:100,6,1,2
BRDA:101,7,0,2
BRDA:101,7,1,2
BRDA:104,8,0,1
BRDA:104,8,1,1
BRDA:151,9,0,1
BRDA:151,9,1,1
BRDA:174,10,0,1
BRDA:174,10,1,1
BRDA:190,11,0,2
BRDA:190,11,1,2
BRDA:192,12,0,0
BRDA:192,12,1,2
BRF:28
BRH:26
end_of_record
